<?xml version="1.0" encoding="UTF-8"?>
<!-- Generated by org.testng.reporters.JUnitReportReporter -->
<testsuite skipped="0" hostname="Veeras-MacBook-Pro.local" name="com.testcases.TC_02_CreateUser" tests="1" failures="0" timestamp="2022-07-10T10:57:20 IST" time="0.929" errors="0">
  <testcase name="validateCreateUser" time="0.929" classname="com.testcases.TC_02_CreateUser"/>
  <system-out/>
</testsuite> <!-- com.testcases.TC_02_CreateUser -->
