<?xml version="1.0" encoding="UTF-8"?>
<!-- Generated by org.testng.reporters.JUnitReportReporter -->
<testsuite skipped="0" hostname="Veeras-MacBook-Pro.local" name="com.testcases.TC_01_GetCategories" tests="1" failures="0" timestamp="2022-07-10T10:57:20 IST" time="3.435" errors="0">
  <testcase name="validateGetCategories" time="3.435" classname="com.testcases.TC_01_GetCategories"/>
  <system-out/>
</testsuite> <!-- com.testcases.TC_01_GetCategories -->
