<?xml version="1.0" encoding="UTF-8"?>
<!-- Generated by org.testng.reporters.JUnitReportReporter -->
<testsuite skipped="0" hostname="Veeras-MacBook-Pro.local" name="com.uitestcases.TC_01_Testing" tests="1" failures="0" timestamp="2022-04-24T20:26:35 IST" time="3.995" errors="0">
  <testcase name="RegisterUser" time="3.995" classname="com.uitestcases.TC_01_Testing"/>
  <system-out/>
</testsuite> <!-- com.uitestcases.TC_01_Testing -->
